<?xml version="1.0" encoding="UTF-8"?>
<!-- Generated by org.testng.reporters.JUnitXMLReporter -->
<testsuite hostname="Ruchis-MBP" ignored="0" name="Error Validation Test" tests="3" failures="1" timestamp="25 May 2023 10:30:58 GMT" time="84.956" errors="0">
  <testcase name="LoginError" time="5.757" classname="ShubhakankshiBhukta.tests.ErrorValidationsTest">
    <skipped/>
  </testcase> <!-- LoginError -->
  <testcase name="LoginError" time="3.474" classname="ShubhakankshiBhukta.tests.ErrorValidationsTest">
    <failure type="java.lang.AssertionError" message="expected [Incorrect email or password.] but found [Incorrect email  password.]">
      <![CDATA[java.lang.AssertionError: expected [Incorrect email or password.] but found [Incorrect email  password.]
at ShubhakankshiBhukta.tests.ErrorValidationsTest.LoginError(ErrorValidationsTest.java:33)
at java.util.concurrent.FutureTask.run(FutureTask.java:266)
at java.util.concurrent.ThreadPoolExecutor.runWorker(ThreadPoolExecutor.java:1149)
at java.util.concurrent.ThreadPoolExecutor$Worker.run(ThreadPoolExecutor.java:624)
at java.lang.Thread.run(Thread.java:750)
... Removed 22 stack frames]]>
    </failure>
  </testcase> <!-- LoginError -->
  <testcase name="ProductErrorValidation" time="29.168" classname="ShubhakankshiBhukta.tests.ErrorValidationsTest"/>
</testsuite> <!-- Error Validation Test -->
