<?xml version="1.0" encoding="UTF-8"?>
<testng-results skipped="0" failed="1" ignored="0" total="6" passed="5">
  <reporter-output>
  </reporter-output>
  <suite name="Surefire suite" duration-ms="216666" started-at="2023-05-26T19:29:30Z" finished-at="2023-05-26T19:33:06Z">
    <groups>
      <group name="ErrorHandling">
        <method signature="ErrorValidationsTest.LoginError()[pri:0, instance:ShubhakankshiBhukta.tests.ErrorValidationsTest@4883b407]" name="LoginError" class="ShubhakankshiBhukta.tests.ErrorValidationsTest"/>
      </group> <!-- ErrorHandling -->
      <group name="Purchase">
        <method signature="SubmitOrderTest.submitOrder(java.util.HashMap)[pri:0, instance:ShubhakankshiBhukta.tests.SubmitOrderTest@5622fdf]" name="submitOrder" class="ShubhakankshiBhukta.tests.SubmitOrderTest"/>
      </group> <!-- Purchase -->
      <group name="cucumber">
        <method signature="AbstractTestNGCucumberTests.runScenario(io.cucumber.testng.PickleWrapper, io.cucumber.testng.FeatureWrapper)[pri:0, instance:cucumber.TestNGTestRunner@7d9d1a19]" name="runScenario" class="io.cucumber.testng.AbstractTestNGCucumberTests"/>
      </group> <!-- cucumber -->
    </groups>
    <test name="Surefire test" duration-ms="216666" started-at="2023-05-26T19:29:30Z" finished-at="2023-05-26T19:33:06Z">
      <class name="ShubhakankshiBhukta.tests.SubmitOrderTest">
        <test-method status="PASS" signature="launchApplication()[pri:0, instance:ShubhakankshiBhukta.tests.SubmitOrderTest@5622fdf]" name="launchApplication" is-config="true" duration-ms="14655" started-at="2023-05-26T19:30:18Z" finished-at="2023-05-26T19:30:32Z">
          <reporter-output>
          </reporter-output>
        </test-method> <!-- launchApplication -->
        <test-method status="PASS" signature="submitOrder(java.util.HashMap)[pri:0, instance:ShubhakankshiBhukta.tests.SubmitOrderTest@5622fdf]" name="submitOrder" duration-ms="29452" started-at="2023-05-26T19:30:32Z" data-provider="getData" finished-at="2023-05-26T19:31:02Z">
          <params>
            <param index="0">
              <value>
                <![CDATA[{password=Learn@1991, email=skbhukta@selenium.com, productName=ZARA COAT 3}]]>
              </value>
            </param>
          </params>
          <reporter-output>
          </reporter-output>
        </test-method> <!-- submitOrder -->
        <test-method status="PASS" signature="teardown()[pri:0, instance:ShubhakankshiBhukta.tests.SubmitOrderTest@5622fdf]" name="teardown" is-config="true" duration-ms="252" started-at="2023-05-26T19:31:02Z" finished-at="2023-05-26T19:31:02Z">
          <reporter-output>
          </reporter-output>
        </test-method> <!-- teardown -->
        <test-method status="PASS" signature="launchApplication()[pri:0, instance:ShubhakankshiBhukta.tests.SubmitOrderTest@5622fdf]" name="launchApplication" is-config="true" duration-ms="20848" started-at="2023-05-26T19:31:02Z" finished-at="2023-05-26T19:31:23Z">
          <reporter-output>
          </reporter-output>
        </test-method> <!-- launchApplication -->
        <test-method status="PASS" signature="submitOrder(java.util.HashMap)[pri:0, instance:ShubhakankshiBhukta.tests.SubmitOrderTest@5622fdf]" name="submitOrder" duration-ms="30269" started-at="2023-05-26T19:31:23Z" data-provider="getData" finished-at="2023-05-26T19:31:53Z">
          <params>
            <param index="0">
              <value>
                <![CDATA[{password=Iamking@000, email=rahulshetty@gmail.com, productName=ADIDAS ORIGINAL}]]>
              </value>
            </param>
          </params>
          <reporter-output>
          </reporter-output>
        </test-method> <!-- submitOrder -->
        <test-method status="PASS" signature="teardown()[pri:0, instance:ShubhakankshiBhukta.tests.SubmitOrderTest@5622fdf]" name="teardown" is-config="true" duration-ms="207" started-at="2023-05-26T19:31:53Z" finished-at="2023-05-26T19:31:53Z">
          <reporter-output>
          </reporter-output>
        </test-method> <!-- teardown -->
        <test-method status="PASS" signature="launchApplication()[pri:0, instance:ShubhakankshiBhukta.tests.SubmitOrderTest@5622fdf]" name="launchApplication" is-config="true" duration-ms="13078" started-at="2023-05-26T19:31:53Z" finished-at="2023-05-26T19:32:06Z">
          <reporter-output>
          </reporter-output>
        </test-method> <!-- launchApplication -->
        <test-method status="PASS" signature="OrderHistoryTest()[pri:0, instance:ShubhakankshiBhukta.tests.SubmitOrderTest@5622fdf]" name="OrderHistoryTest" duration-ms="9753" started-at="2023-05-26T19:32:06Z" depends-on-methods="ShubhakankshiBhukta.tests.SubmitOrderTest.submitOrder" finished-at="2023-05-26T19:32:16Z">
          <reporter-output>
          </reporter-output>
        </test-method> <!-- OrderHistoryTest -->
        <test-method status="PASS" signature="teardown()[pri:0, instance:ShubhakankshiBhukta.tests.SubmitOrderTest@5622fdf]" name="teardown" is-config="true" duration-ms="242" started-at="2023-05-26T19:32:16Z" finished-at="2023-05-26T19:32:16Z">
          <reporter-output>
          </reporter-output>
        </test-method> <!-- teardown -->
      </class> <!-- ShubhakankshiBhukta.tests.SubmitOrderTest -->
      <class name="ShubhakankshiBhukta.tests.ErrorValidationsTest">
        <test-method status="PASS" signature="launchApplication()[pri:0, instance:ShubhakankshiBhukta.tests.ErrorValidationsTest@4883b407]" name="launchApplication" is-config="true" duration-ms="16593" started-at="2023-05-26T19:32:16Z" finished-at="2023-05-26T19:32:33Z">
          <reporter-output>
          </reporter-output>
        </test-method> <!-- launchApplication -->
        <test-method status="PASS" signature="LoginError()[pri:0, instance:ShubhakankshiBhukta.tests.ErrorValidationsTest@4883b407]" name="LoginError" duration-ms="4617" started-at="2023-05-26T19:32:33Z" finished-at="2023-05-26T19:32:38Z">
          <reporter-output>
          </reporter-output>
        </test-method> <!-- LoginError -->
        <test-method status="PASS" signature="teardown()[pri:0, instance:ShubhakankshiBhukta.tests.ErrorValidationsTest@4883b407]" name="teardown" is-config="true" duration-ms="185" started-at="2023-05-26T19:32:38Z" finished-at="2023-05-26T19:32:38Z">
          <reporter-output>
          </reporter-output>
        </test-method> <!-- teardown -->
        <test-method status="PASS" signature="launchApplication()[pri:0, instance:ShubhakankshiBhukta.tests.ErrorValidationsTest@4883b407]" name="launchApplication" is-config="true" duration-ms="14861" started-at="2023-05-26T19:32:38Z" finished-at="2023-05-26T19:32:53Z">
          <reporter-output>
          </reporter-output>
        </test-method> <!-- launchApplication -->
        <test-method status="FAIL" signature="ProductErrorValidation()[pri:0, instance:ShubhakankshiBhukta.tests.ErrorValidationsTest@4883b407]" name="ProductErrorValidation" duration-ms="13301" started-at="2023-05-26T19:32:53Z" finished-at="2023-05-26T19:33:06Z">
          <exception class="org.openqa.selenium.ElementClickInterceptedException">
            <message>
              <![CDATA[element click intercepted: Element <button _ngcontent-snq-c33="" routerlink="/dashboard/cart" class="btn btn-custom" style="margin-top: -10px;" tabindex="0">...</button> is not clickable at point (1199, 26). Other element would receive the click: <div _ngcontent-snq-c31="" class="ngx-spinner-overlay ng-tns-c31-1 ng-trigger ng-trigger-fadeIn ng-star-inserted ng-animating" style="background-color: rgba(51, 51, 51, 0.8); z-index: 99999; position: fixed;">...</div>
  (Session info: chrome=113.0.5672.126)
Build info: version: '4.9.0', revision: 'd7057100a6'
System info: os.name: 'Mac OS X', os.arch: 'x86_64', os.version: '13.2.1', java.version: '1.8.0_361'
Driver info: org.openqa.selenium.chrome.ChromeDriver
Command: [3243754ca38b10e816415cb8f4a5e947, clickElement {id=869877613A381F2D1B7669416CB672B9_element_32}]
Capabilities {acceptInsecureCerts: false, browserName: chrome, browserVersion: 113.0.5672.126, chrome: {chromedriverVersion: 113.0.5672.63 (0e1a4471d5ae..., userDataDir: /var/folders/35/cv7g6px1497...}, goog:chromeOptions: {debuggerAddress: localhost:64776}, networkConnectionEnabled: false, pageLoadStrategy: normal, platformName: MAC, proxy: Proxy(), se:cdp: ws://localhost:64776/devtoo..., se:cdpVersion: 113.0.5672.126, setWindowRect: true, strictFileInteractability: false, timeouts: {implicit: 0, pageLoad: 300000, script: 30000}, unhandledPromptBehavior: dismiss and notify, webauthn:extension:credBlob: true, webauthn:extension:largeBlob: true, webauthn:extension:minPinLength: true, webauthn:extension:prf: true, webauthn:virtualAuthenticators: true}
Element: [[ChromeDriver: chrome on MAC (3243754ca38b10e816415cb8f4a5e947)] -> xpath: //button[contains(@routerlink,'cart')]]
Session ID: 3243754ca38b10e816415cb8f4a5e947]]>
            </message>
            <full-stacktrace>
              <![CDATA[org.openqa.selenium.ElementClickInterceptedException: element click intercepted: Element <button _ngcontent-snq-c33="" routerlink="/dashboard/cart" class="btn btn-custom" style="margin-top: -10px;" tabindex="0">...</button> is not clickable at point (1199, 26). Other element would receive the click: <div _ngcontent-snq-c31="" class="ngx-spinner-overlay ng-tns-c31-1 ng-trigger ng-trigger-fadeIn ng-star-inserted ng-animating" style="background-color: rgba(51, 51, 51, 0.8); z-index: 99999; position: fixed;">...</div>
  (Session info: chrome=113.0.5672.126)
Build info: version: '4.9.0', revision: 'd7057100a6'
System info: os.name: 'Mac OS X', os.arch: 'x86_64', os.version: '13.2.1', java.version: '1.8.0_361'
Driver info: org.openqa.selenium.chrome.ChromeDriver
Command: [3243754ca38b10e816415cb8f4a5e947, clickElement {id=869877613A381F2D1B7669416CB672B9_element_32}]
Capabilities {acceptInsecureCerts: false, browserName: chrome, browserVersion: 113.0.5672.126, chrome: {chromedriverVersion: 113.0.5672.63 (0e1a4471d5ae..., userDataDir: /var/folders/35/cv7g6px1497...}, goog:chromeOptions: {debuggerAddress: localhost:64776}, networkConnectionEnabled: false, pageLoadStrategy: normal, platformName: MAC, proxy: Proxy(), se:cdp: ws://localhost:64776/devtoo..., se:cdpVersion: 113.0.5672.126, setWindowRect: true, strictFileInteractability: false, timeouts: {implicit: 0, pageLoad: 300000, script: 30000}, unhandledPromptBehavior: dismiss and notify, webauthn:extension:credBlob: true, webauthn:extension:largeBlob: true, webauthn:extension:minPinLength: true, webauthn:extension:prf: true, webauthn:virtualAuthenticators: true}
Element: [[ChromeDriver: chrome on MAC (3243754ca38b10e816415cb8f4a5e947)] -> xpath: //button[contains(@routerlink,'cart')]]
Session ID: 3243754ca38b10e816415cb8f4a5e947
at sun.reflect.NativeConstructorAccessorImpl.newInstance0(Native Method)
at sun.reflect.NativeConstructorAccessorImpl.newInstance(NativeConstructorAccessorImpl.java:62)
at sun.reflect.DelegatingConstructorAccessorImpl.newInstance(DelegatingConstructorAccessorImpl.java:45)
at java.lang.reflect.Constructor.newInstance(Constructor.java:423)
at org.openqa.selenium.remote.codec.w3c.W3CHttpResponseCodec.createException(W3CHttpResponseCodec.java:200)
at org.openqa.selenium.remote.codec.w3c.W3CHttpResponseCodec.decode(W3CHttpResponseCodec.java:133)
at org.openqa.selenium.remote.codec.w3c.W3CHttpResponseCodec.decode(W3CHttpResponseCodec.java:53)
at org.openqa.selenium.remote.HttpCommandExecutor.execute(HttpCommandExecutor.java:193)
at org.openqa.selenium.remote.service.DriverCommandExecutor.invokeExecute(DriverCommandExecutor.java:183)
at org.openqa.selenium.remote.service.DriverCommandExecutor.execute(DriverCommandExecutor.java:158)
at org.openqa.selenium.remote.RemoteWebDriver.execute(RemoteWebDriver.java:543)
at org.openqa.selenium.remote.RemoteWebElement.execute(RemoteWebElement.java:257)
at org.openqa.selenium.remote.RemoteWebElement.click(RemoteWebElement.java:78)
at sun.reflect.GeneratedMethodAccessor20.invoke(Unknown Source)
at sun.reflect.DelegatingMethodAccessorImpl.invoke(DelegatingMethodAccessorImpl.java:43)
at java.lang.reflect.Method.invoke(Method.java:498)
at org.openqa.selenium.support.pagefactory.internal.LocatingElementHandler.invoke(LocatingElementHandler.java:52)
at com.sun.proxy.$Proxy24.click(Unknown Source)
at shubhakankshiBhukta.AbstractComponents.AbstractComponent.goToCartPage(AbstractComponent.java:54)
at ShubhakankshiBhukta.tests.ErrorValidationsTest.ProductErrorValidation(ErrorValidationsTest.java:49)
at sun.reflect.NativeMethodAccessorImpl.invoke0(Native Method)
at sun.reflect.NativeMethodAccessorImpl.invoke(NativeMethodAccessorImpl.java:62)
at sun.reflect.DelegatingMethodAccessorImpl.invoke(DelegatingMethodAccessorImpl.java:43)
at java.lang.reflect.Method.invoke(Method.java:498)
at org.testng.internal.MethodInvocationHelper.invokeMethod(MethodInvocationHelper.java:124)
at org.testng.internal.Invoker.invokeMethod(Invoker.java:583)
at org.testng.internal.Invoker.invokeTestMethod(Invoker.java:719)
at org.testng.internal.Invoker.invokeTestMethods(Invoker.java:989)
at org.testng.internal.TestMethodWorker.invokeTestMethods(TestMethodWorker.java:125)
at org.testng.internal.TestMethodWorker.run(TestMethodWorker.java:109)
at org.testng.TestRunner.privateRun(TestRunner.java:648)
at org.testng.TestRunner.run(TestRunner.java:505)
at org.testng.SuiteRunner.runTest(SuiteRunner.java:455)
at org.testng.SuiteRunner.runSequentially(SuiteRunner.java:450)
at org.testng.SuiteRunner.privateRun(SuiteRunner.java:415)
at org.testng.SuiteRunner.run(SuiteRunner.java:364)
at org.testng.SuiteRunnerWorker.runSuite(SuiteRunnerWorker.java:52)
at org.testng.SuiteRunnerWorker.run(SuiteRunnerWorker.java:84)
at org.testng.TestNG.runSuitesSequentially(TestNG.java:1208)
at org.testng.TestNG.runSuitesLocally(TestNG.java:1137)
at org.testng.TestNG.runSuites(TestNG.java:1049)
at org.testng.TestNG.run(TestNG.java:1017)
at org.apache.maven.surefire.testng.TestNGExecutor.run(TestNGExecutor.java:135)
at org.apache.maven.surefire.testng.TestNGDirectoryTestSuite.executeMulti(TestNGDirectoryTestSuite.java:193)
at org.apache.maven.surefire.testng.TestNGDirectoryTestSuite.execute(TestNGDirectoryTestSuite.java:94)
at org.apache.maven.surefire.testng.TestNGProvider.invoke(TestNGProvider.java:146)
at org.apache.maven.surefire.booter.ForkedBooter.invokeProviderInSameClassLoader(ForkedBooter.java:384)
at org.apache.maven.surefire.booter.ForkedBooter.runSuitesInProcess(ForkedBooter.java:345)
at org.apache.maven.surefire.booter.ForkedBooter.execute(ForkedBooter.java:126)
at org.apache.maven.surefire.booter.ForkedBooter.main(ForkedBooter.java:418)
]]>
            </full-stacktrace>
          </exception> <!-- org.openqa.selenium.ElementClickInterceptedException -->
          <reporter-output>
          </reporter-output>
        </test-method> <!-- ProductErrorValidation -->
        <test-method status="PASS" signature="teardown()[pri:0, instance:ShubhakankshiBhukta.tests.ErrorValidationsTest@4883b407]" name="teardown" is-config="true" duration-ms="271" started-at="2023-05-26T19:33:06Z" finished-at="2023-05-26T19:33:06Z">
          <reporter-output>
          </reporter-output>
        </test-method> <!-- teardown -->
      </class> <!-- ShubhakankshiBhukta.tests.ErrorValidationsTest -->
      <class name="cucumber.TestNGTestRunner">
        <test-method status="PASS" signature="setUpClass(org.testng.ITestContext)[pri:0, instance:cucumber.TestNGTestRunner@7d9d1a19]" name="setUpClass" is-config="true" duration-ms="894" started-at="2023-05-26T19:29:30Z" finished-at="2023-05-26T19:29:31Z">
          <params>
            <param index="0">
              <value>
                <![CDATA[org.testng.TestRunner@fb5aeed]]>
              </value>
            </param>
          </params>
          <reporter-output>
          </reporter-output>
        </test-method> <!-- setUpClass -->
        <test-method status="PASS" signature="runScenario(io.cucumber.testng.PickleWrapper, io.cucumber.testng.FeatureWrapper)[pri:0, instance:cucumber.TestNGTestRunner@7d9d1a19]" name="runScenario" duration-ms="46568" started-at="2023-05-26T19:29:31Z" description="Runs Cucumber Scenarios" data-provider="scenarios" finished-at="2023-05-26T19:30:17Z">
          <params>
            <param index="0">
              <value>
                <![CDATA["Positive Test of submitting the order"]]>
              </value>
            </param>
            <param index="1">
              <value>
                <![CDATA["Purchase the order from Ecommerce website"]]>
              </value>
            </param>
          </params>
          <reporter-output>
          </reporter-output>
        </test-method> <!-- runScenario -->
        <test-method status="PASS" signature="tearDownClass()[pri:0, instance:cucumber.TestNGTestRunner@7d9d1a19]" name="tearDownClass" is-config="true" duration-ms="56" started-at="2023-05-26T19:30:17Z" finished-at="2023-05-26T19:30:17Z">
          <reporter-output>
          </reporter-output>
        </test-method> <!-- tearDownClass -->
      </class> <!-- cucumber.TestNGTestRunner -->
    </test> <!-- Surefire test -->
  </suite> <!-- Surefire suite -->
</testng-results>
