<?xml version="1.0" encoding="UTF-8"?>
<!-- Generated by org.testng.reporters.JUnitXMLReporter -->
<testsuite hostname="Ruchis-MBP" ignored="0" name="Error Validation Test" tests="2" failures="0" timestamp="26 May 2023 14:01:48 GMT" time="78.354" errors="0">
  <testcase name="LoginError" time="5.495" classname="ShubhakankshiBhukta.tests.ErrorValidationsTest"/>
  <testcase name="ProductErrorValidation" time="30.977" classname="ShubhakankshiBhukta.tests.ErrorValidationsTest"/>
</testsuite> <!-- Error Validation Test -->
