<?xml version="1.0" encoding="UTF-8"?>
<!-- Generated by org.testng.reporters.JUnitXMLReporter -->
<testsuite hostname="Ruchis-MBP" ignored="0" name="Submit Order Test" tests="3" failures="0" timestamp="26 May 2023 14:02:51 GMT" time="141.009" errors="0">
  <testcase name="submitOrder" time="40.086" classname="ShubhakankshiBhukta.tests.SubmitOrderTest"/>
  <testcase name="submitOrder" time="31.449" classname="ShubhakankshiBhukta.tests.SubmitOrderTest"/>
  <testcase name="OrderHistoryTest" time="10.799" classname="ShubhakankshiBhukta.tests.SubmitOrderTest"/>
</testsuite> <!-- Submit Order Test -->
